[www.cokitos.com/juegos/twin-the-bin/index.html]
[backblue.gif]
[fade.gif]
[index.html]
[www.cokitos.com/juegos/twin-the-bin/css/reset.css]
[www.cokitos.com/juegos/twin-the-bin/css/main.css]
[www.cokitos.com/juegos/twin-the-bin/css/ios_fullscreen.css]
[www.cokitos.com/juegos/twin-the-bin/favicon.ico]
[www.cokitos.com/juegos/twin-the-bin/js/jquery-3.2.1.min.js]
[www.cokitos.com/juegos/twin-the-bin/js/createjs.min.js]
[www.cokitos.com/juegos/twin-the-bin/js/howler.min.js]
[www.cokitos.com/juegos/twin-the-bin/js/CLang.min.js]
[www.cokitos.com/juegos/twin-the-bin/index.html]
[www.cokitos.com/juegos/twin-the-bin/css/reset.css]
[www.cokitos.com/juegos/twin-the-bin/js/main.js]
[www.cokitos.com/juegos/twin-the-bin/css/bg_body.jpg]
[www.cokitos.com/juegos/twin-the-bin/css/comiquitasans-webfont.woff2]
[www.cokitos.com/juegos/twin-the-bin/css/comiquitasans-webfont.woff]
[www.cokitos.com/juegos/twin-the-bin/css/main.css]
[www.cokitos.com/juegos/twin-the-bin/css/comiquitasans-webfont.svg]
[www.cokitos.com/juegos/twin-the-bin/sprites/swipe.png]
[www.cokitos.com/juegos/twin-the-bin/css/ios_fullscreen.css]
[www.cokitos.com/juegos/twin-the-bin/css/comiquitasans-webfont.svg]
